Traceback (most recent call last):
  File "/Users/hrishabh/Downloads/ZYLAR/venv/bin/uvicorn", line 8, in <module>
    sys.exit(main())
             ^^^^^^
  File "/Users/hrishabh/Downloads/ZYLAR/venv/lib/python3.11/site-packages/click/core.py", line 1485, in __call__
    return self.main(*args, **kwargs)
           ^^^^^^^^^^^^^^^^^^^^^^^^^^
  File "/Users/hrishabh/Downloads/ZYLAR/venv/lib/python3.11/site-packages/click/core.py", line 1406, in main
    rv = self.invoke(ctx)
         ^^^^^^^^^^^^^^^^
  File "/Users/hrishabh/Downloads/ZYLAR/venv/lib/python3.11/site-packages/click/core.py", line 1269, in invoke
    return ctx.invoke(self.callback, **ctx.params)
           ^^^^^^^^^^^^^^^^^^^^^^^^^^^^^^^^^^^^^^^
  File "/Users/hrishabh/Downloads/ZYLAR/venv/lib/python3.11/site-packages/click/core.py", line 824, in invoke
    return callback(*args, **kwargs)
           ^^^^^^^^^^^^^^^^^^^^^^^^^
  File "/Users/hrishabh/Downloads/ZYLAR/venv/lib/python3.11/site-packages/uvicorn/main.py", line 433, in main
    run(
  File "/Users/hrishabh/Downloads/ZYLAR/venv/lib/python3.11/site-packages/uvicorn/main.py", line 606, in run
    server.run()
  File "/Users/hrishabh/Downloads/ZYLAR/venv/lib/python3.11/site-packages/uvicorn/server.py", line 75, in run
    return asyncio_run(self.serve(sockets=sockets), loop_factory=self.config.get_loop_factory())
           ^^^^^^^^^^^^^^^^^^^^^^^^^^^^^^^^^^^^^^^^^^^^^^^^^^^^^^^^^^^^^^^^^^^^^^^^^^^^^^^^^^^^^
  File "/Users/hrishabh/Downloads/ZYLAR/venv/lib/python3.11/site-packages/uvicorn/_compat.py", line 30, in asyncio_run
    return runner.run(main)
           ^^^^^^^^^^^^^^^^
  File "/Users/hrishabh/.pyenv/versions/3.11.6/lib/python3.11/asyncio/runners.py", line 118, in run
    return self._loop.run_until_complete(task)
           ^^^^^^^^^^^^^^^^^^^^^^^^^^^^^^^^^^^
  File "/Users/hrishabh/.pyenv/versions/3.11.6/lib/python3.11/asyncio/base_events.py", line 653, in run_until_complete
    return future.result()
           ^^^^^^^^^^^^^^^
  File "/Users/hrishabh/Downloads/ZYLAR/venv/lib/python3.11/site-packages/uvicorn/server.py", line 79, in serve
    await self._serve(sockets)
  File "/Users/hrishabh/Downloads/ZYLAR/venv/lib/python3.11/site-packages/uvicorn/server.py", line 86, in _serve
    config.load()
  File "/Users/hrishabh/Downloads/ZYLAR/venv/lib/python3.11/site-packages/uvicorn/config.py", line 441, in load
    self.loaded_app = import_from_string(self.app)
                      ^^^^^^^^^^^^^^^^^^^^^^^^^^^^
  File "/Users/hrishabh/Downloads/ZYLAR/venv/lib/python3.11/site-packages/uvicorn/importer.py", line 22, in import_from_string
    raise exc from None
  File "/Users/hrishabh/Downloads/ZYLAR/venv/lib/python3.11/site-packages/uvicorn/importer.py", line 19, in import_from_string
    module = importlib.import_module(module_str)
             ^^^^^^^^^^^^^^^^^^^^^^^^^^^^^^^^^^^
  File "/Users/hrishabh/.pyenv/versions/3.11.6/lib/python3.11/importlib/__init__.py", line 126, in import_module
    return _bootstrap._gcd_import(name[level:], package, level)
           ^^^^^^^^^^^^^^^^^^^^^^^^^^^^^^^^^^^^^^^^^^^^^^^^^^^^
  File "<frozen importlib._bootstrap>", line 1204, in _gcd_import
  File "<frozen importlib._bootstrap>", line 1176, in _find_and_load
  File "<frozen importlib._bootstrap>", line 1147, in _find_and_load_unlocked
  File "<frozen importlib._bootstrap>", line 690, in _load_unlocked
  File "<frozen importlib._bootstrap_external>", line 940, in exec_module
  File "<frozen importlib._bootstrap>", line 241, in _call_with_frames_removed
  File "/Users/hrishabh/Downloads/ZYLAR/api/main.py", line 8, in <module>
    from orchestrator.workflow_graph import build_workflow
  File "/Users/hrishabh/Downloads/ZYLAR/orchestrator/workflow_graph.py", line 7, in <module>
    from agents.correlation_agent import build_threat_correlation_graph_node
  File "/Users/hrishabh/Downloads/ZYLAR/agents/correlation_agent.py", line 1, in <module>
    import networkx as nx
ModuleNotFoundError: No module named 'networkx'
